# JRE version: Java(TM) SE Runtime Environment (17.0.9+11) (build 17.0.9+11-LTS-201)
# Java VM: Java HotSpot(TM) 64-Bit Server VM (17.0.9+11-LTS-201, mixed mode, sharing, tiered, compressed oops, compressed class ptrs, g1 gc, windows-amd64)
GC Precious Log:
 CPUs: 8 total, 8 available
 Memory: 8029M
 Large Page Support: Disabled
 NUMA Support: Disabled
 Compressed Oops: Enabled (32-bit)
 Heap Region Size: 1M
 Heap Min Capacity: 8M
 Heap Initial Capacity: 126M
 Heap Max Capacity: 2008M
 Pre-touch: Disabled
 Parallel Workers: 8
 Concurrent Workers: 2
 Concurrent Refinement Workers: 8
 Periodic GC: Disabled
Heap:
 garbage-first heap   total 48128K, used 27480K [0x0000000082800000, 0x0000000100000000)
  region size 1024K, 5 young (5120K), 2 survivors (2048K)
 Metaspace       used 52057K, committed 52544K, reserved 1114112K
  class space    used 6776K, committed 7040K, reserved 1048576K
GC Heap History (20 events):
Event: 3.502 GC heap before
{Heap before GC invocations=4 (full 0):
 garbage-first heap   total 48128K, used 35474K [0x0000000082800000, 0x0000000100000000)
  region size 1024K, 28 young (28672K), 5 survivors (5120K)
 Metaspace       used 24313K, committed 24576K, reserved 1114112K
  class space    used 3069K, committed 3200K, reserved 1048576K
}
Event: 3.507 GC heap after
{Heap after GC invocations=5 (full 0):
 garbage-first heap   total 48128K, used 14971K [0x0000000082800000, 0x0000000100000000)
  region size 1024K, 7 young (7168K), 7 survivors (7168K)
 Metaspace       used 24313K, committed 24576K, reserved 1114112K
  class space    used 3069K, committed 3200K, reserved 1048576K
}
Event: 4.207 GC heap before
{Heap before GC invocations=5 (full 0):
 garbage-first heap   total 48128K, used 33403K [0x0000000082800000, 0x0000000100000000)
  region size 1024K, 25 young (25600K), 7 survivors (7168K)
 Metaspace       used 27129K, committed 27520K, reserved 1114112K
  class space    used 3481K, committed 3648K, reserved 1048576K
}
Event: 4.215 GC heap after
{Heap after GC invocations=6 (full 0):
 garbage-first heap   total 48128K, used 16507K [0x0000000082800000, 0x0000000100000000)
  region size 1024K, 2 young (2048K), 2 survivors (2048K)
 Metaspace       used 27129K, committed 27520K, reserved 1114112K
  class space    used 3481K, committed 3648K, reserved 1048576K
}
Event: 4.827 GC heap before
{Heap before GC invocations=6 (full 0):
 garbage-first heap   total 48128K, used 33915K [0x0000000082800000, 0x0000000100000000)
  region size 1024K, 19 young (19456K), 2 survivors (2048K)
 Metaspace       used 29939K, committed 30272K, reserved 1114112K
  class space    used 3887K, committed 4032K, reserved 1048576K
}
Event: 4.830 GC heap after
{Heap after GC invocations=7 (full 0):
 garbage-first heap   total 48128K, used 17978K [0x0000000082800000, 0x0000000100000000)
  region size 1024K, 3 young (3072K), 3 survivors (3072K)
 Metaspace       used 29939K, committed 30272K, reserved 1114112K
  class space    used 3887K, committed 4032K, reserved 1048576K
}
Event: 5.104 GC heap before
{Heap before GC invocations=7 (full 0):
 garbage-first heap   total 48128K, used 34362K [0x0000000082800000, 0x0000000100000000)
  region size 1024K, 20 young (20480K), 3 survivors (3072K)
 Metaspace       used 31868K, committed 32256K, reserved 1114112K
  class space    used 4143K, committed 4352K, reserved 1048576K
}
Event: 5.108 GC heap after
{Heap after GC invocations=8 (full 0):
 garbage-first heap   total 48128K, used 19942K [0x0000000082800000, 0x0000000100000000)
  region size 1024K, 2 young (2048K), 2 survivors (2048K)
 Metaspace       used 31868K, committed 32256K, reserved 1114112K
  class space    used 4143K, committed 4352K, reserved 1048576K
}
Event: 5.934 GC heap before
{Heap before GC invocations=8 (full 0):
 garbage-first heap   total 48128K, used 35302K [0x0000000082800000, 0x0000000100000000)
  region size 1024K, 18 young (18432K), 2 survivors (2048K)
 Metaspace       used 35320K, committed 35840K, reserved 1114112K
  class space    used 4481K, committed 4736K, reserved 1048576K
}
Event: 5.937 GC heap after
{Heap after GC invocations=9 (full 0):
 garbage-first heap   total 48128K, used 20910K [0x0000000082800000, 0x0000000100000000)
  region size 1024K, 2 young (2048K), 2 survivors (2048K)
 Metaspace       used 35320K, committed 35840K, reserved 1114112K
  class space    used 4481K, committed 4736K, reserved 1048576K
}
Event: 6.111 GC heap before
{Heap before GC invocations=9 (full 0):
 garbage-first heap   total 48128K, used 27054K [0x0000000082800000, 0x0000000100000000)
  region size 1024K, 9 young (9216K), 2 survivors (2048K)
 Metaspace       used 35648K, committed 36160K, reserved 1114112K
  class space    used 4528K, committed 4800K, reserved 1048576K
}
Event: 6.113 GC heap after
{Heap after GC invocations=10 (full 0):
 garbage-first heap   total 48128K, used 20958K [0x0000000082800000, 0x0000000100000000)
  region size 1024K, 2 young (2048K), 2 survivors (2048K)
 Metaspace       used 35648K, committed 36160K, reserved 1114112K
  class space    used 4528K, committed 4800K, reserved 1048576K
}
Event: 6.757 GC heap before
{Heap before GC invocations=11 (full 0):
 garbage-first heap   total 48128K, used 36318K [0x0000000082800000, 0x0000000100000000)
  region size 1024K, 17 young (17408K), 2 survivors (2048K)
 Metaspace       used 37896K, committed 38336K, reserved 1114112K
  class space    used 4839K, committed 5056K, reserved 1048576K
}
Event: 6.759 GC heap after
{Heap after GC invocations=12 (full 0):
 garbage-first heap   total 48128K, used 21743K [0x0000000082800000, 0x0000000100000000)
  region size 1024K, 3 young (3072K), 3 survivors (3072K)
 Metaspace       used 37896K, committed 38336K, reserved 1114112K
  class space    used 4839K, committed 5056K, reserved 1048576K
}
Event: 7.141 GC heap before
{Heap before GC invocations=12 (full 0):
 garbage-first heap   total 48128K, used 37103K [0x0000000082800000, 0x0000000100000000)
  region size 1024K, 18 young (18432K), 3 survivors (3072K)
 Metaspace       used 41656K, committed 42112K, reserved 1114112K
  class space    used 5466K, committed 5696K, reserved 1048576K
}
Event: 7.143 GC heap after
{Heap after GC invocations=13 (full 0):
 garbage-first heap   total 48128K, used 22437K [0x0000000082800000, 0x0000000100000000)
  region size 1024K, 2 young (2048K), 2 survivors (2048K)
 Metaspace       used 41656K, committed 42112K, reserved 1114112K
  class space    used 5466K, committed 5696K, reserved 1048576K
}
Event: 7.811 GC heap before
{Heap before GC invocations=13 (full 0):
 garbage-first heap   total 48128K, used 37797K [0x0000000082800000, 0x0000000100000000)
  region size 1024K, 17 young (17408K), 2 survivors (2048K)
 Metaspace       used 48806K, committed 49216K, reserved 1114112K
  class space    used 6314K, committed 6528K, reserved 1048576K
}
Event: 7.821 GC heap after
{Heap after GC invocations=14 (full 0):
 garbage-first heap   total 48128K, used 24502K [0x0000000082800000, 0x0000000100000000)
  region size 1024K, 3 young (3072K), 3 survivors (3072K)
 Metaspace       used 48806K, committed 49216K, reserved 1114112K
  class space    used 6314K, committed 6528K, reserved 1048576K
}
Event: 8.571 GC heap before
{Heap before GC invocations=14 (full 0):
 garbage-first heap   total 48128K, used 37814K [0x0000000082800000, 0x0000000100000000)
  region size 1024K, 16 young (16384K), 3 survivors (3072K)
 Metaspace       used 51497K, committed 51968K, reserved 1114112K
  class space    used 6680K, committed 6912K, reserved 1048576K
}
Event: 8.575 GC heap after
{Heap after GC invocations=15 (full 0):
 garbage-first heap   total 48128K, used 25432K [0x0000000082800000, 0x0000000100000000)
  region size 1024K, 2 young (2048K), 2 survivors (2048K)
 Metaspace       used 51497K, committed 51968K, reserved 1114112K
  class space    used 6680K, committed 6912K, reserved 1048576K
}

