# JRE version: OpenJDK Runtime Environment Temurin-17.0.12+7 (17.0.12+7) (build 17.0.12+7)
# Java VM: OpenJDK 64-Bit Server VM Temurin-17.0.12+7 (17.0.12+7, mixed mode, emulated-client, tiered, compressed oops, compressed class ptrs, g1 gc, windows-amd64)
GC Precious Log:
 CPUs: 8 total, 8 available
 Memory: 8029M
 Large Page Support: Disabled
 NUMA Support: Disabled
 Compressed Oops: Enabled (32-bit)
 Heap Region Size: 1M
 Heap Min Capacity: 8M
 Heap Initial Capacity: 126M
 Heap Max Capacity: 1G
 Pre-touch: Disabled
 Parallel Workers: 8
 Concurrent Workers: 2
 Concurrent Refinement Workers: 8
 Periodic GC: Disabled
Heap:
 garbage-first heap   total 81920K, used 29064K [0x00000000c0000000, 0x0000000100000000)
  region size 1024K, 1 young (1024K), 0 survivors (0K)
 Metaspace       used 51478K, committed 51904K, reserved 1114112K
  class space    used 6525K, committed 6720K, reserved 1048576K
GC Heap History (20 events):
Event: 804.777 GC heap after
{Heap after GC invocations=68 (full 56):
 garbage-first heap   total 81920K, used 29062K [0x00000000c0000000, 0x0000000100000000)
  region size 1024K, 0 young (0K), 0 survivors (0K)
 Metaspace       used 51473K, committed 51904K, reserved 1114112K
  class space    used 6523K, committed 6720K, reserved 1048576K
}
Event: 815.143 GC heap before
{Heap before GC invocations=68 (full 56):
 garbage-first heap   total 81920K, used 29062K [0x00000000c0000000, 0x0000000100000000)
  region size 1024K, 1 young (1024K), 0 survivors (0K)
 Metaspace       used 51473K, committed 51904K, reserved 1114112K
  class space    used 6523K, committed 6720K, reserved 1048576K
}
Event: 815.169 GC heap after
{Heap after GC invocations=69 (full 57):
 garbage-first heap   total 81920K, used 29062K [0x00000000c0000000, 0x0000000100000000)
  region size 1024K, 0 young (0K), 0 survivors (0K)
 Metaspace       used 51473K, committed 51904K, reserved 1114112K
  class space    used 6523K, committed 6720K, reserved 1048576K
}
Event: 825.503 GC heap before
{Heap before GC invocations=69 (full 57):
 garbage-first heap   total 81920K, used 29062K [0x00000000c0000000, 0x0000000100000000)
  region size 1024K, 1 young (1024K), 0 survivors (0K)
 Metaspace       used 51473K, committed 51904K, reserved 1114112K
  class space    used 6523K, committed 6720K, reserved 1048576K
}
Event: 825.554 GC heap after
{Heap after GC invocations=70 (full 58):
 garbage-first heap   total 81920K, used 29062K [0x00000000c0000000, 0x0000000100000000)
  region size 1024K, 0 young (0K), 0 survivors (0K)
 Metaspace       used 51473K, committed 51904K, reserved 1114112K
  class space    used 6523K, committed 6720K, reserved 1048576K
}
Event: 835.756 GC heap before
{Heap before GC invocations=70 (full 58):
 garbage-first heap   total 81920K, used 29062K [0x00000000c0000000, 0x0000000100000000)
  region size 1024K, 1 young (1024K), 0 survivors (0K)
 Metaspace       used 51473K, committed 51904K, reserved 1114112K
  class space    used 6523K, committed 6720K, reserved 1048576K
}
Event: 835.779 GC heap after
{Heap after GC invocations=71 (full 59):
 garbage-first heap   total 81920K, used 29062K [0x00000000c0000000, 0x0000000100000000)
  region size 1024K, 0 young (0K), 0 survivors (0K)
 Metaspace       used 51473K, committed 51904K, reserved 1114112K
  class space    used 6523K, committed 6720K, reserved 1048576K
}
Event: 846.001 GC heap before
{Heap before GC invocations=71 (full 59):
 garbage-first heap   total 81920K, used 29062K [0x00000000c0000000, 0x0000000100000000)
  region size 1024K, 1 young (1024K), 0 survivors (0K)
 Metaspace       used 51473K, committed 51904K, reserved 1114112K
  class space    used 6523K, committed 6720K, reserved 1048576K
}
Event: 846.020 GC heap after
{Heap after GC invocations=72 (full 60):
 garbage-first heap   total 81920K, used 29062K [0x00000000c0000000, 0x0000000100000000)
  region size 1024K, 0 young (0K), 0 survivors (0K)
 Metaspace       used 51473K, committed 51904K, reserved 1114112K
  class space    used 6523K, committed 6720K, reserved 1048576K
}
Event: 856.328 GC heap before
{Heap before GC invocations=72 (full 60):
 garbage-first heap   total 81920K, used 29062K [0x00000000c0000000, 0x0000000100000000)
  region size 1024K, 1 young (1024K), 0 survivors (0K)
 Metaspace       used 51473K, committed 51904K, reserved 1114112K
  class space    used 6523K, committed 6720K, reserved 1048576K
}
Event: 856.363 GC heap after
{Heap after GC invocations=73 (full 61):
 garbage-first heap   total 81920K, used 29062K [0x00000000c0000000, 0x0000000100000000)
  region size 1024K, 0 young (0K), 0 survivors (0K)
 Metaspace       used 51473K, committed 51904K, reserved 1114112K
  class space    used 6523K, committed 6720K, reserved 1048576K
}
Event: 866.716 GC heap before
{Heap before GC invocations=73 (full 61):
 garbage-first heap   total 81920K, used 29062K [0x00000000c0000000, 0x0000000100000000)
  region size 1024K, 1 young (1024K), 0 survivors (0K)
 Metaspace       used 51473K, committed 51904K, reserved 1114112K
  class space    used 6523K, committed 6720K, reserved 1048576K
}
Event: 866.736 GC heap after
{Heap after GC invocations=74 (full 62):
 garbage-first heap   total 81920K, used 29062K [0x00000000c0000000, 0x0000000100000000)
  region size 1024K, 0 young (0K), 0 survivors (0K)
 Metaspace       used 51473K, committed 51904K, reserved 1114112K
  class space    used 6523K, committed 6720K, reserved 1048576K
}
Event: 928.129 GC heap before
{Heap before GC invocations=74 (full 62):
 garbage-first heap   total 81920K, used 29062K [0x00000000c0000000, 0x0000000100000000)
  region size 1024K, 1 young (1024K), 0 survivors (0K)
 Metaspace       used 51478K, committed 51904K, reserved 1114112K
  class space    used 6525K, committed 6720K, reserved 1048576K
}
Event: 928.322 GC heap after
{Heap after GC invocations=75 (full 63):
 garbage-first heap   total 81920K, used 29065K [0x00000000c0000000, 0x0000000100000000)
  region size 1024K, 0 young (0K), 0 survivors (0K)
 Metaspace       used 51478K, committed 51904K, reserved 1114112K
  class space    used 6525K, committed 6720K, reserved 1048576K
}
Event: 938.523 GC heap before
{Heap before GC invocations=75 (full 63):
 garbage-first heap   total 81920K, used 29065K [0x00000000c0000000, 0x0000000100000000)
  region size 1024K, 1 young (1024K), 0 survivors (0K)
 Metaspace       used 51478K, committed 51904K, reserved 1114112K
  class space    used 6525K, committed 6720K, reserved 1048576K
}
Event: 938.543 GC heap after
{Heap after GC invocations=76 (full 64):
 garbage-first heap   total 81920K, used 29064K [0x00000000c0000000, 0x0000000100000000)
  region size 1024K, 0 young (0K), 0 survivors (0K)
 Metaspace       used 51478K, committed 51904K, reserved 1114112K
  class space    used 6525K, committed 6720K, reserved 1048576K
}
Event: 948.785 GC heap before
{Heap before GC invocations=76 (full 64):
 garbage-first heap   total 81920K, used 29064K [0x00000000c0000000, 0x0000000100000000)
  region size 1024K, 1 young (1024K), 0 survivors (0K)
 Metaspace       used 51478K, committed 51904K, reserved 1114112K
  class space    used 6525K, committed 6720K, reserved 1048576K
}
Event: 948.813 GC heap after
{Heap after GC invocations=77 (full 65):
 garbage-first heap   total 81920K, used 29064K [0x00000000c0000000, 0x0000000100000000)
  region size 1024K, 0 young (0K), 0 survivors (0K)
 Metaspace       used 51478K, committed 51904K, reserved 1114112K
  class space    used 6525K, committed 6720K, reserved 1048576K
}
Event: 961.133 GC heap before
{Heap before GC invocations=77 (full 65):
 garbage-first heap   total 81920K, used 29064K [0x00000000c0000000, 0x0000000100000000)
  region size 1024K, 1 young (1024K), 0 survivors (0K)
 Metaspace       used 51478K, committed 51904K, reserved 1114112K
  class space    used 6525K, committed 6720K, reserved 1048576K
}

