# JRE version: OpenJDK Runtime Environment Temurin-17.0.12+7 (17.0.12+7) (build 17.0.12+7)
# Java VM: OpenJDK 64-Bit Server VM Temurin-17.0.12+7 (17.0.12+7, mixed mode, emulated-client, tiered, compressed oops, compressed class ptrs, g1 gc, windows-amd64)
GC Precious Log:
 CPUs: 8 total, 8 available
 Memory: 8029M
 Large Page Support: Disabled
 NUMA Support: Disabled
 Compressed Oops: Enabled (32-bit)
 Heap Region Size: 1M
 Heap Min Capacity: 8M
 Heap Initial Capacity: 126M
 Heap Max Capacity: 1G
 Pre-touch: Disabled
 Parallel Workers: 8
 Concurrent Workers: 2
 Concurrent Refinement Workers: 8
 Periodic GC: Disabled
Heap:
 garbage-first heap   total 97280K, used 40116K [0x00000000c0000000, 0x0000000100000000)
  region size 1024K, 1 young (1024K), 0 survivors (0K)
 Metaspace       used 63011K, committed 63488K, reserved 1114112K
  class space    used 7705K, committed 7936K, reserved 1048576K
GC Heap History (20 events):
Event: 139.025 GC heap after
{Heap after GC invocations=29 (full 5):
 garbage-first heap   total 97280K, used 33289K [0x00000000c0000000, 0x0000000100000000)
  region size 1024K, 0 young (0K), 0 survivors (0K)
 Metaspace       used 61769K, committed 62464K, reserved 1114112K
  class space    used 7520K, committed 7808K, reserved 1048576K
}
Event: 151.328 GC heap before
{Heap before GC invocations=29 (full 5):
 garbage-first heap   total 97280K, used 33289K [0x00000000c0000000, 0x0000000100000000)
  region size 1024K, 1 young (1024K), 0 survivors (0K)
 Metaspace       used 61769K, committed 62464K, reserved 1114112K
  class space    used 7520K, committed 7808K, reserved 1048576K
}
Event: 151.374 GC heap after
{Heap after GC invocations=30 (full 6):
 garbage-first heap   total 97280K, used 33289K [0x00000000c0000000, 0x0000000100000000)
  region size 1024K, 0 young (0K), 0 survivors (0K)
 Metaspace       used 61769K, committed 62464K, reserved 1114112K
  class space    used 7520K, committed 7808K, reserved 1048576K
}
Event: 162.490 GC heap before
{Heap before GC invocations=30 (full 6):
 garbage-first heap   total 97280K, used 33289K [0x00000000c0000000, 0x0000000100000000)
  region size 1024K, 1 young (1024K), 0 survivors (0K)
 Metaspace       used 61769K, committed 62464K, reserved 1114112K
  class space    used 7520K, committed 7808K, reserved 1048576K
}
Event: 162.537 GC heap after
{Heap after GC invocations=31 (full 7):
 garbage-first heap   total 97280K, used 33289K [0x00000000c0000000, 0x0000000100000000)
  region size 1024K, 0 young (0K), 0 survivors (0K)
 Metaspace       used 61769K, committed 62464K, reserved 1114112K
  class space    used 7520K, committed 7808K, reserved 1048576K
}
Event: 176.164 GC heap before
{Heap before GC invocations=31 (full 7):
 garbage-first heap   total 97280K, used 78345K [0x00000000c0000000, 0x0000000100000000)
  region size 1024K, 44 young (45056K), 0 survivors (0K)
 Metaspace       used 62855K, committed 63296K, reserved 1114112K
  class space    used 7678K, committed 7872K, reserved 1048576K
}
Event: 176.205 GC heap after
{Heap after GC invocations=32 (full 7):
 garbage-first heap   total 97280K, used 41472K [0x00000000c0000000, 0x0000000100000000)
  region size 1024K, 6 young (6144K), 6 survivors (6144K)
 Metaspace       used 62855K, committed 63296K, reserved 1114112K
  class space    used 7678K, committed 7872K, reserved 1048576K
}
Event: 223.735 GC heap before
{Heap before GC invocations=32 (full 7):
 garbage-first heap   total 97280K, used 76288K [0x00000000c0000000, 0x0000000100000000)
  region size 1024K, 40 young (40960K), 6 survivors (6144K)
 Metaspace       used 62989K, committed 63424K, reserved 1114112K
  class space    used 7701K, committed 7872K, reserved 1048576K
}
Event: 223.764 GC heap after
{Heap after GC invocations=33 (full 7):
 garbage-first heap   total 97280K, used 44740K [0x00000000c0000000, 0x0000000100000000)
  region size 1024K, 3 young (3072K), 3 survivors (3072K)
 Metaspace       used 62989K, committed 63424K, reserved 1114112K
  class space    used 7701K, committed 7872K, reserved 1048576K
}
Event: 263.398 GC heap before
{Heap before GC invocations=33 (full 7):
 garbage-first heap   total 97280K, used 59076K [0x00000000c0000000, 0x0000000100000000)
  region size 1024K, 18 young (18432K), 3 survivors (3072K)
 Metaspace       used 62994K, committed 63424K, reserved 1114112K
  class space    used 7702K, committed 7872K, reserved 1048576K
}
Event: 264.835 GC heap after
{Heap after GC invocations=34 (full 8):
 garbage-first heap   total 97280K, used 40653K [0x00000000c0000000, 0x0000000100000000)
  region size 1024K, 0 young (0K), 0 survivors (0K)
 Metaspace       used 62982K, committed 63424K, reserved 1114112K
  class space    used 7699K, committed 7872K, reserved 1048576K
}
Event: 275.295 GC heap before
{Heap before GC invocations=34 (full 8):
 garbage-first heap   total 97280K, used 40653K [0x00000000c0000000, 0x0000000100000000)
  region size 1024K, 1 young (1024K), 0 survivors (0K)
 Metaspace       used 62982K, committed 63424K, reserved 1114112K
  class space    used 7699K, committed 7872K, reserved 1048576K
}
Event: 275.327 GC heap after
{Heap after GC invocations=35 (full 9):
 garbage-first heap   total 97280K, used 34061K [0x00000000c0000000, 0x0000000100000000)
  region size 1024K, 0 young (0K), 0 survivors (0K)
 Metaspace       used 62970K, committed 63424K, reserved 1114112K
  class space    used 7696K, committed 7872K, reserved 1048576K
}
Event: 285.606 GC heap before
{Heap before GC invocations=35 (full 9):
 garbage-first heap   total 97280K, used 34061K [0x00000000c0000000, 0x0000000100000000)
  region size 1024K, 1 young (1024K), 0 survivors (0K)
 Metaspace       used 62970K, committed 63424K, reserved 1114112K
  class space    used 7696K, committed 7872K, reserved 1048576K
}
Event: 285.637 GC heap after
{Heap after GC invocations=36 (full 10):
 garbage-first heap   total 97280K, used 34053K [0x00000000c0000000, 0x0000000100000000)
  region size 1024K, 0 young (0K), 0 survivors (0K)
 Metaspace       used 62970K, committed 63424K, reserved 1114112K
  class space    used 7696K, committed 7872K, reserved 1048576K
}
Event: 296.014 GC heap before
{Heap before GC invocations=36 (full 10):
 garbage-first heap   total 97280K, used 34053K [0x00000000c0000000, 0x0000000100000000)
  region size 1024K, 1 young (1024K), 0 survivors (0K)
 Metaspace       used 62970K, committed 63424K, reserved 1114112K
  class space    used 7696K, committed 7872K, reserved 1048576K
}
Event: 296.044 GC heap after
{Heap after GC invocations=37 (full 11):
 garbage-first heap   total 97280K, used 33629K [0x00000000c0000000, 0x0000000100000000)
  region size 1024K, 0 young (0K), 0 survivors (0K)
 Metaspace       used 62970K, committed 63424K, reserved 1114112K
  class space    used 7696K, committed 7872K, reserved 1048576K
}
Event: 356.478 GC heap before
{Heap before GC invocations=37 (full 11):
 garbage-first heap   total 97280K, used 52061K [0x00000000c0000000, 0x0000000100000000)
  region size 1024K, 19 young (19456K), 0 survivors (0K)
 Metaspace       used 63011K, committed 63488K, reserved 1114112K
  class space    used 7705K, committed 7936K, reserved 1048576K
}
Event: 356.863 GC heap after
{Heap after GC invocations=38 (full 12):
 garbage-first heap   total 97280K, used 40116K [0x00000000c0000000, 0x0000000100000000)
  region size 1024K, 0 young (0K), 0 survivors (0K)
 Metaspace       used 63011K, committed 63488K, reserved 1114112K
  class space    used 7705K, committed 7936K, reserved 1048576K
}
Event: 367.941 GC heap before
{Heap before GC invocations=38 (full 12):
 garbage-first heap   total 97280K, used 40116K [0x00000000c0000000, 0x0000000100000000)
  region size 1024K, 1 young (1024K), 0 survivors (0K)
 Metaspace       used 63011K, committed 63488K, reserved 1114112K
  class space    used 7705K, committed 7936K, reserved 1048576K
}

